c:\users\karol\source\repos\qwe\qwe\debug\qwe.pch
c:\users\karol\source\repos\qwe\qwe\debug\vc141.pdb
c:\users\karol\source\repos\qwe\qwe\debug\vc141.idb
c:\users\karol\source\repos\qwe\qwe\debug\stdafx.obj
c:\users\karol\source\repos\qwe\qwe\debug\qwe.obj
c:\users\karol\source\repos\qwe\qwe\debug\gui.obj
c:\users\karol\source\repos\qwe\qwe\debug\board.obj
c:\users\karol\source\repos\qwe\qwe\debug\field.obj
c:\users\karol\source\repos\qwe\qwe\debug\logic.obj
c:\users\karol\source\repos\qwe\qwe\debug\humanplayer.obj
c:\users\karol\source\repos\qwe\qwe\debug\player.obj
c:\users\karol\source\repos\qwe\debug\qwe.exe
c:\users\karol\source\repos\qwe\debug\qwe.ilk
c:\users\karol\source\repos\qwe\debug\qwe.pdb
c:\users\karol\source\repos\qwe\qwe\debug\gui.obj.enc
c:\users\karol\source\repos\qwe\qwe\debug\qwe.tlog\cl.command.1.tlog
c:\users\karol\source\repos\qwe\qwe\debug\qwe.tlog\cl.read.1.tlog
c:\users\karol\source\repos\qwe\qwe\debug\qwe.tlog\cl.write.1.tlog
c:\users\karol\source\repos\qwe\qwe\debug\qwe.tlog\link.7984-cvtres.read.1.tlog
c:\users\karol\source\repos\qwe\qwe\debug\qwe.tlog\link.7984-cvtres.write.1.tlog
c:\users\karol\source\repos\qwe\qwe\debug\qwe.tlog\link.7984-rc.read.1.tlog
c:\users\karol\source\repos\qwe\qwe\debug\qwe.tlog\link.7984-rc.write.1.tlog
c:\users\karol\source\repos\qwe\qwe\debug\qwe.tlog\link.7984.read.1.tlog
c:\users\karol\source\repos\qwe\qwe\debug\qwe.tlog\link.7984.write.1.tlog
c:\users\karol\source\repos\qwe\qwe\debug\qwe.tlog\link.command.1.tlog
c:\users\karol\source\repos\qwe\qwe\debug\qwe.tlog\link.read.1.tlog
c:\users\karol\source\repos\qwe\qwe\debug\qwe.tlog\link.write.1.tlog
